<?xml version="1.0" encoding="UTF-8"?>
<testng-results ignored="0" total="2" passed="2" failed="0" skipped="0">
  <reporter-output>
  </reporter-output>
  <suite started-at="2019-02-26T08:03:55Z" name="Suite" finished-at="2019-02-26T08:04:20Z" duration-ms="24984">
    <groups>
    </groups>
    <test started-at="2019-02-26T08:03:55Z" name="NewTest1" finished-at="2019-02-26T08:04:20Z" duration-ms="24984">
      <class name="com.selenium.testCase.AddAttendanceGroupTest">
        <test-method is-config="true" signature="BeforeClass()[pri:0, instance:com.selenium.testCase.AddAttendanceGroupTest@797b0699]" started-at="2019-02-26T16:04:04Z" name="BeforeClass" finished-at="2019-02-26T16:04:09Z" duration-ms="4289" status="PASS">
          <reporter-output>
          </reporter-output>
        </test-method> <!-- BeforeClass -->
        <test-method signature="addBanci()[pri:0, instance:com.selenium.testCase.AddAttendanceGroupTest@797b0699]" started-at="2019-02-26T16:04:09Z" name="addBanci" finished-at="2019-02-26T16:04:20Z" duration-ms="11368" status="PASS">
          <reporter-output>
          </reporter-output>
        </test-method> <!-- addBanci -->
        <test-method is-config="true" signature="afterClass()[pri:0, instance:com.selenium.testCase.AddAttendanceGroupTest@797b0699]" started-at="2019-02-26T16:04:20Z" name="afterClass" finished-at="2019-02-26T16:04:20Z" duration-ms="0" status="PASS">
          <reporter-output>
          </reporter-output>
        </test-method> <!-- afterClass -->
      </class> <!-- com.selenium.testCase.AddAttendanceGroupTest -->
      <class name="com.selenium.testCase.LoginTest">
        <test-method is-config="true" signature="BeforeClass()[pri:0, instance:com.selenium.testCase.LoginTest@53b7f657]" started-at="2019-02-26T16:03:55Z" name="BeforeClass" finished-at="2019-02-26T16:03:58Z" duration-ms="2603" status="PASS">
          <reporter-output>
          </reporter-output>
        </test-method> <!-- BeforeClass -->
        <test-method signature="login()[pri:0, instance:com.selenium.testCase.LoginTest@53b7f657]" started-at="2019-02-26T16:03:58Z" name="login" finished-at="2019-02-26T16:04:04Z" duration-ms="6652" status="PASS">
          <reporter-output>
          </reporter-output>
        </test-method> <!-- login -->
        <test-method is-config="true" signature="AfterTest()[pri:0, instance:com.selenium.testCase.LoginTest@53b7f657]" started-at="2019-02-26T16:04:04Z" name="AfterTest" finished-at="2019-02-26T16:04:04Z" duration-ms="63" status="PASS">
          <reporter-output>
          </reporter-output>
        </test-method> <!-- AfterTest -->
      </class> <!-- com.selenium.testCase.LoginTest -->
    </test> <!-- NewTest1 -->
  </suite> <!-- Suite -->
</testng-results>
