<?xml version="1.0" encoding="UTF-8"?>
<testng-results ignored="0" total="1" passed="1" failed="0" skipped="0">
  <reporter-output>
  </reporter-output>
  <suite started-at="2019-02-21T07:57:24Z" name="Suite" finished-at="2019-02-21T07:57:45Z" duration-ms="21457">
    <groups>
    </groups>
    <test started-at="2019-02-21T07:57:24Z" name="NewTest1" finished-at="2019-02-21T07:57:45Z" duration-ms="21457">
      <class name="com.selenium.testCase.AddAttendanceGroupTest">
        <test-method is-config="true" signature="login()[pri:0, instance:com.selenium.testCase.AddAttendanceGroupTest@88a8218]" started-at="2019-02-21T15:57:24Z" name="login" finished-at="2019-02-21T15:57:30Z" duration-ms="6289" status="PASS">
          <reporter-output>
          </reporter-output>
        </test-method> <!-- login -->
        <test-method signature="addBanci()[pri:0, instance:com.selenium.testCase.AddAttendanceGroupTest@88a8218]" started-at="2019-02-21T15:57:30Z" name="addBanci" finished-at="2019-02-21T15:57:45Z" duration-ms="15161" status="PASS">
          <reporter-output>
          </reporter-output>
        </test-method> <!-- addBanci -->
      </class> <!-- com.selenium.testCase.AddAttendanceGroupTest -->
    </test> <!-- NewTest1 -->
  </suite> <!-- Suite -->
</testng-results>
